17:06:26,714 (main) INFO  [DataNucleus.Enhancer] - DataNucleus Enhancer (version 4.0.3) for API "JDO"
17:06:27,094 (main) INFO  [DataNucleus.Enhancer] - Writing class file "C:\Users\Lilly\OneDrive\Documents\eclipse-workspace\Map-Tagger-main\Map-Tagger-main\target\classes\com\glproject\map_tagger\dao\Map.class" with enhanced definition
17:06:27,106 (main) INFO  [DataNucleus.Enhancer] - Writing class file "C:\Users\Lilly\OneDrive\Documents\eclipse-workspace\Map-Tagger-main\Map-Tagger-main\target\classes\com\glproject\map_tagger\dao\Place.class" with enhanced definition
17:06:27,117 (main) INFO  [DataNucleus.Enhancer] - Writing class file "C:\Users\Lilly\OneDrive\Documents\eclipse-workspace\Map-Tagger-main\Map-Tagger-main\target\classes\com\glproject\map_tagger\dao\User.class" with enhanced definition
17:06:27,119 (main) INFO  [DataNucleus.Enhancer] - DataNucleus Enhancer completed with success for 3 classes.
17:06:33,250 (main) INFO  [DataNucleus.Enhancer] - DataNucleus Enhancer (version 4.0.3) for API "JDO"
17:06:56,756 (main) INFO  [DataNucleus.Enhancer] - DataNucleus Enhancer (version 4.0.3) for API "JDO"
17:11:44,796 (main) INFO  [DataNucleus.Enhancer] - DataNucleus Enhancer (version 4.0.3) for API "JDO"
17:11:45,389 (main) INFO  [DataNucleus.Enhancer] - Writing class file "C:\Users\Lilly\OneDrive\Documents\eclipse-workspace\Map-Tagger-main\Map-Tagger-main\target\classes\com\glproject\map_tagger\dao\Map.class" with enhanced definition
17:11:45,402 (main) INFO  [DataNucleus.Enhancer] - Writing class file "C:\Users\Lilly\OneDrive\Documents\eclipse-workspace\Map-Tagger-main\Map-Tagger-main\target\classes\com\glproject\map_tagger\dao\Place.class" with enhanced definition
17:11:45,432 (main) INFO  [DataNucleus.Enhancer] - Writing class file "C:\Users\Lilly\OneDrive\Documents\eclipse-workspace\Map-Tagger-main\Map-Tagger-main\target\classes\com\glproject\map_tagger\dao\User.class" with enhanced definition
17:11:45,433 (main) INFO  [DataNucleus.Enhancer] - DataNucleus Enhancer completed with success for 3 classes.
17:14:51,695 (main) INFO  [DataNucleus.Enhancer] - DataNucleus Enhancer (version 4.0.3) for API "JDO"
18:21:59,575 (main) INFO  [DataNucleus.Enhancer] - DataNucleus Enhancer (version 4.0.3) for API "JDO"
10:04:34,212 (main) INFO  [DataNucleus.Enhancer] - DataNucleus Enhancer (version 4.0.3) for API "JDO"
11:01:22,464 (main) INFO  [DataNucleus.Enhancer] - DataNucleus Enhancer (version 4.0.3) for API "JDO"
11:08:35,868 (main) INFO  [DataNucleus.Enhancer] - DataNucleus Enhancer (version 4.0.3) for API "JDO"
11:09:24,532 (main) INFO  [DataNucleus.Enhancer] - DataNucleus Enhancer (version 4.0.3) for API "JDO"
11:28:05,593 (main) INFO  [DataNucleus.Enhancer] - DataNucleus Enhancer (version 4.0.3) for API "JDO"
11:35:53,987 (main) INFO  [DataNucleus.Enhancer] - DataNucleus Enhancer (version 4.0.3) for API "JDO"
11:41:51,835 (main) INFO  [DataNucleus.Enhancer] - DataNucleus Enhancer (version 4.0.3) for API "JDO"
11:42:16,414 (main) INFO  [DataNucleus.Enhancer] - DataNucleus Enhancer (version 4.0.3) for API "JDO"
11:51:31,303 (main) INFO  [DataNucleus.Enhancer] - DataNucleus Enhancer (version 4.0.3) for API "JDO"
12:03:51,050 (main) INFO  [DataNucleus.Enhancer] - DataNucleus Enhancer (version 4.0.3) for API "JDO"
13:16:33,751 (main) INFO  [DataNucleus.Enhancer] - DataNucleus Enhancer (version 4.0.3) for API "JDO"
13:17:29,774 (main) INFO  [DataNucleus.Enhancer] - DataNucleus Enhancer (version 4.0.3) for API "JDO"
13:18:14,033 (main) INFO  [DataNucleus.Enhancer] - DataNucleus Enhancer (version 4.0.3) for API "JDO"
13:25:33,975 (main) INFO  [DataNucleus.Enhancer] - DataNucleus Enhancer (version 4.0.3) for API "JDO"
13:25:35,236 (main) INFO  [DataNucleus.Enhancer] - DataNucleus Enhancer (version 4.0.3) for API "JDO"
13:25:49,891 (main) INFO  [DataNucleus.Enhancer] - DataNucleus Enhancer (version 4.0.3) for API "JDO"
13:26:11,510 (main) INFO  [DataNucleus.Enhancer] - DataNucleus Enhancer (version 4.0.3) for API "JDO"
13:26:15,802 (main) INFO  [DataNucleus.Enhancer] - DataNucleus Enhancer (version 4.0.3) for API "JDO"
13:43:40,823 (main) INFO  [DataNucleus.Enhancer] - DataNucleus Enhancer (version 4.0.3) for API "JDO"
13:43:40,854 (main) INFO  [DataNucleus.Enhancer] - DataNucleus Enhancer (version 4.0.3) for API "JDO"
13:45:18,757 (main) INFO  [DataNucleus.Enhancer] - DataNucleus Enhancer (version 4.0.3) for API "JDO"
14:12:34,801 (main) INFO  [DataNucleus.Enhancer] - DataNucleus Enhancer (version 4.0.3) for API "JDO"
14:12:34,803 (main) INFO  [DataNucleus.Enhancer] - DataNucleus Enhancer (version 4.0.3) for API "JDO"
14:12:51,777 (main) INFO  [DataNucleus.Enhancer] - DataNucleus Enhancer (version 4.0.3) for API "JDO"
14:33:37,953 (main) INFO  [DataNucleus.Enhancer] - DataNucleus Enhancer (version 4.0.3) for API "JDO"
14:33:38,036 (main) INFO  [DataNucleus.Enhancer] - DataNucleus Enhancer (version 4.0.3) for API "JDO"
14:34:32,644 (main) INFO  [DataNucleus.Enhancer] - DataNucleus Enhancer (version 4.0.3) for API "JDO"
14:48:43,942 (main) INFO  [DataNucleus.Enhancer] - DataNucleus Enhancer (version 4.0.3) for API "JDO"
14:49:23,226 (main) INFO  [DataNucleus.Enhancer] - DataNucleus Enhancer (version 4.0.3) for API "JDO"
14:54:50,287 (main) INFO  [DataNucleus.Enhancer] - DataNucleus Enhancer (version 4.0.3) for API "JDO"
14:54:50,368 (main) INFO  [DataNucleus.Enhancer] - DataNucleus Enhancer (version 4.0.3) for API "JDO"
15:47:45,281 (main) INFO  [DataNucleus.Enhancer] - DataNucleus Enhancer (version 4.0.3) for API "JDO"
15:47:45,294 (main) INFO  [DataNucleus.Enhancer] - DataNucleus Enhancer (version 4.0.3) for API "JDO"
16:54:15,388 (main) INFO  [DataNucleus.Enhancer] - DataNucleus Enhancer (version 4.0.3) for API "JDO"
16:54:15,469 (main) INFO  [DataNucleus.Enhancer] - DataNucleus Enhancer (version 4.0.3) for API "JDO"
17:13:12,011 (main) INFO  [DataNucleus.Enhancer] - DataNucleus Enhancer (version 4.0.3) for API "JDO"
17:50:55,258 (main) INFO  [DataNucleus.Enhancer] - DataNucleus Enhancer (version 4.0.3) for API "JDO"
17:50:55,291 (main) INFO  [DataNucleus.Enhancer] - DataNucleus Enhancer (version 4.0.3) for API "JDO"
19:21:03,822 (main) INFO  [DataNucleus.Enhancer] - DataNucleus Enhancer (version 4.0.3) for API "JDO"
19:21:03,907 (main) INFO  [DataNucleus.Enhancer] - DataNucleus Enhancer (version 4.0.3) for API "JDO"
19:28:04,812 (main) INFO  [DataNucleus.Enhancer] - DataNucleus Enhancer (version 4.0.3) for API "JDO"
19:28:04,829 (main) INFO  [DataNucleus.Enhancer] - DataNucleus Enhancer (version 4.0.3) for API "JDO"
19:44:08,032 (main) INFO  [DataNucleus.Enhancer] - DataNucleus Enhancer (version 4.0.3) for API "JDO"
19:46:10,093 (main) INFO  [DataNucleus.Enhancer] - DataNucleus Enhancer (version 4.0.3) for API "JDO"
15:51:39,157 (main) INFO  [DataNucleus.Enhancer] - DataNucleus Enhancer (version 4.0.3) for API "JDO"
15:51:58,864 (main) INFO  [DataNucleus.Enhancer] - DataNucleus Enhancer (version 4.0.3) for API "JDO"
16:45:59,842 (main) INFO  [DataNucleus.Enhancer] - DataNucleus Enhancer (version 4.0.3) for API "JDO"
16:47:18,407 (main) INFO  [DataNucleus.Enhancer] - DataNucleus Enhancer (version 4.0.3) for API "JDO"
16:58:18,763 (main) INFO  [DataNucleus.Enhancer] - DataNucleus Enhancer (version 4.0.3) for API "JDO"
16:58:34,729 (main) INFO  [DataNucleus.Enhancer] - DataNucleus Enhancer (version 4.0.3) for API "JDO"
16:58:48,248 (main) INFO  [DataNucleus.Enhancer] - DataNucleus Enhancer (version 4.0.3) for API "JDO"
16:58:55,313 (main) INFO  [DataNucleus.Enhancer] - DataNucleus Enhancer (version 4.0.3) for API "JDO"
16:59:38,253 (main) INFO  [DataNucleus.Enhancer] - DataNucleus Enhancer (version 4.0.3) for API "JDO"
16:59:47,789 (main) INFO  [DataNucleus.Enhancer] - DataNucleus Enhancer (version 4.0.3) for API "JDO"
16:59:53,926 (main) INFO  [DataNucleus.Enhancer] - DataNucleus Enhancer (version 4.0.3) for API "JDO"
17:00:51,859 (main) INFO  [DataNucleus.Enhancer] - DataNucleus Enhancer (version 4.0.3) for API "JDO"
17:00:52,907 (main) INFO  [DataNucleus.Enhancer] - DataNucleus Enhancer (version 4.0.3) for API "JDO"
17:01:18,008 (main) INFO  [DataNucleus.Enhancer] - DataNucleus Enhancer (version 4.0.3) for API "JDO"
17:01:30,817 (main) INFO  [DataNucleus.Enhancer] - DataNucleus Enhancer (version 4.0.3) for API "JDO"
17:01:44,843 (main) INFO  [DataNucleus.Enhancer] - DataNucleus Enhancer (version 4.0.3) for API "JDO"
17:03:12,665 (main) INFO  [DataNucleus.Enhancer] - DataNucleus Enhancer (version 4.0.3) for API "JDO"
17:04:11,208 (main) INFO  [DataNucleus.Enhancer] - DataNucleus Enhancer (version 4.0.3) for API "JDO"
17:04:23,983 (main) INFO  [DataNucleus.Enhancer] - DataNucleus Enhancer (version 4.0.3) for API "JDO"
17:06:02,386 (main) INFO  [DataNucleus.Enhancer] - DataNucleus Enhancer (version 4.0.3) for API "JDO"
17:13:38,996 (main) INFO  [DataNucleus.Enhancer] - DataNucleus Enhancer (version 4.0.3) for API "JDO"
17:17:50,422 (main) INFO  [DataNucleus.Enhancer] - DataNucleus Enhancer (version 4.0.3) for API "JDO"
17:17:51,484 (main) INFO  [DataNucleus.Enhancer] - DataNucleus Enhancer (version 4.0.3) for API "JDO"
17:17:55,112 (main) INFO  [DataNucleus.Enhancer] - DataNucleus Enhancer (version 4.0.3) for API "JDO"
17:23:34,304 (main) INFO  [DataNucleus.Enhancer] - DataNucleus Enhancer (version 4.0.3) for API "JDO"
17:43:24,672 (main) INFO  [DataNucleus.Enhancer] - DataNucleus Enhancer (version 4.0.3) for API "JDO"
17:43:27,396 (main) INFO  [DataNucleus.Enhancer] - DataNucleus Enhancer (version 4.0.3) for API "JDO"
17:44:23,337 (main) INFO  [DataNucleus.Enhancer] - DataNucleus Enhancer (version 4.0.3) for API "JDO"
17:44:32,862 (main) INFO  [DataNucleus.Enhancer] - DataNucleus Enhancer (version 4.0.3) for API "JDO"
17:44:39,560 (main) INFO  [DataNucleus.Enhancer] - DataNucleus Enhancer (version 4.0.3) for API "JDO"
17:44:39,712 (main) INFO  [DataNucleus.Enhancer] - DataNucleus Enhancer (version 4.0.3) for API "JDO"
19:25:17,278 (main) INFO  [DataNucleus.Enhancer] - DataNucleus Enhancer (version 4.0.3) for API "JDO"
19:25:30,643 (main) INFO  [DataNucleus.Enhancer] - DataNucleus Enhancer (version 4.0.3) for API "JDO"
19:25:38,265 (main) INFO  [DataNucleus.Enhancer] - DataNucleus Enhancer (version 4.0.3) for API "JDO"
19:25:50,324 (main) INFO  [DataNucleus.Enhancer] - DataNucleus Enhancer (version 4.0.3) for API "JDO"
19:26:05,070 (main) INFO  [DataNucleus.Enhancer] - DataNucleus Enhancer (version 4.0.3) for API "JDO"
19:26:20,760 (main) INFO  [DataNucleus.Enhancer] - DataNucleus Enhancer (version 4.0.3) for API "JDO"
19:26:42,634 (main) INFO  [DataNucleus.Enhancer] - DataNucleus Enhancer (version 4.0.3) for API "JDO"
19:26:53,392 (main) INFO  [DataNucleus.Enhancer] - DataNucleus Enhancer (version 4.0.3) for API "JDO"
20:27:21,696 (main) INFO  [DataNucleus.Enhancer] - DataNucleus Enhancer (version 4.0.3) for API "JDO"
20:27:49,801 (main) INFO  [DataNucleus.Enhancer] - DataNucleus Enhancer (version 4.0.3) for API "JDO"
21:19:31,298 (main) INFO  [DataNucleus.Enhancer] - DataNucleus Enhancer (version 4.0.3) for API "JDO"
21:22:21,459 (main) INFO  [DataNucleus.Enhancer] - DataNucleus Enhancer (version 4.0.3) for API "JDO"
22:25:08,902 (main) INFO  [DataNucleus.Enhancer] - DataNucleus Enhancer (version 4.0.3) for API "JDO"
23:05:30,422 (main) INFO  [DataNucleus.Enhancer] - DataNucleus Enhancer (version 4.0.3) for API "JDO"
23:07:56,996 (main) INFO  [DataNucleus.Enhancer] - DataNucleus Enhancer (version 4.0.3) for API "JDO"
23:07:58,057 (main) INFO  [DataNucleus.Enhancer] - DataNucleus Enhancer (version 4.0.3) for API "JDO"
23:08:38,847 (main) INFO  [DataNucleus.Enhancer] - DataNucleus Enhancer (version 4.0.3) for API "JDO"
23:08:42,114 (main) INFO  [DataNucleus.Enhancer] - DataNucleus Enhancer (version 4.0.3) for API "JDO"
23:08:54,964 (main) INFO  [DataNucleus.Enhancer] - DataNucleus Enhancer (version 4.0.3) for API "JDO"
23:09:51,849 (main) INFO  [DataNucleus.Enhancer] - DataNucleus Enhancer (version 4.0.3) for API "JDO"
23:10:21,308 (main) INFO  [DataNucleus.Enhancer] - DataNucleus Enhancer (version 4.0.3) for API "JDO"
23:10:45,250 (main) INFO  [DataNucleus.Enhancer] - DataNucleus Enhancer (version 4.0.3) for API "JDO"
23:11:06,482 (main) INFO  [DataNucleus.Enhancer] - DataNucleus Enhancer (version 4.0.3) for API "JDO"
23:12:10,161 (main) INFO  [DataNucleus.Enhancer] - DataNucleus Enhancer (version 4.0.3) for API "JDO"
